<?xml version="1.0" encoding="UTF-8"?>
<!-- Generated by org.testng.reporters.JUnitXMLReporter -->
<testsuite ignored="0" hostname="user" failures="0" tests="2" name="Default test" time="14.554" errors="0" timestamp="2023-06-18T18:40:46 EDT">
  <testcase classname="com.nopcommerce.AutomationFrameworkAssignment.Test.CheckOutTest" name="validateUserRegister" time="1.911"/>
  <testcase classname="com.nopcommerce.AutomationFrameworkAssignment.Test.CheckOutTest" name="validateCheckoutProcess" time="7.09"/>
</testsuite> <!-- Default test -->
