<?xml version="1.0" encoding="UTF-8"?>
<testng-results ignored="0" total="2" passed="2" failed="0" skipped="0">
  <reporter-output>
  </reporter-output>
  <suite started-at="2023-06-18T18:40:32 EDT" name="Default suite" finished-at="2023-06-18T18:40:46 EDT" duration-ms="14554">
    <groups>
    </groups>
    <test started-at="2023-06-18T18:40:32 EDT" name="Default test" finished-at="2023-06-18T18:40:46 EDT" duration-ms="14554">
      <class name="com.nopcommerce.AutomationFrameworkAssignment.Test.CheckOutTest">
        <test-method is-config="true" signature="setUp()[pri:0, instance:com.nopcommerce.AutomationFrameworkAssignment.Test.CheckOutTest@1b6e1eff]" started-at="2023-06-18T18:40:32 EDT" name="setUp" finished-at="2023-06-18T18:40:36 EDT" duration-ms="3815" status="PASS">
          <reporter-output>
          </reporter-output>
        </test-method> <!-- setUp -->
        <test-method signature="validateUserRegister()[pri:1, instance:com.nopcommerce.AutomationFrameworkAssignment.Test.CheckOutTest@1b6e1eff]" started-at="2023-06-18T18:40:36 EDT" name="validateUserRegister" finished-at="2023-06-18T18:40:37 EDT" duration-ms="1911" status="PASS">
          <reporter-output>
          </reporter-output>
        </test-method> <!-- validateUserRegister -->
        <test-method is-config="true" signature="setUp()[pri:0, instance:com.nopcommerce.AutomationFrameworkAssignment.Test.CheckOutTest@1b6e1eff]" started-at="2023-06-18T18:40:37 EDT" name="setUp" finished-at="2023-06-18T18:40:39 EDT" duration-ms="1681" status="PASS">
          <reporter-output>
          </reporter-output>
        </test-method> <!-- setUp -->
        <test-method signature="validateCheckoutProcess()[pri:3, instance:com.nopcommerce.AutomationFrameworkAssignment.Test.CheckOutTest@1b6e1eff]" started-at="2023-06-18T18:40:39 EDT" name="validateCheckoutProcess" finished-at="2023-06-18T18:40:46 EDT" duration-ms="7090" status="PASS">
          <reporter-output>
          </reporter-output>
        </test-method> <!-- validateCheckoutProcess -->
      </class> <!-- com.nopcommerce.AutomationFrameworkAssignment.Test.CheckOutTest -->
    </test> <!-- Default test -->
  </suite> <!-- Default suite -->
</testng-results>
